{"timestamp":"2025-09-10T11:30:04.422878","level":"info","event":"DAG bundles loaded: dags-folder","logger":"airflow.dag_processing.bundles.manager.DagBundlesManager"}
{"timestamp":"2025-09-10T11:30:04.424543","level":"info","event":"Filling up the DagBag from /opt/airflow/dags/traffic_train_daily.py","logger":"airflow.models.dagbag.DagBag"}
{"timestamp":"2025-09-10T11:30:04.486516","level":"info","event":"Tmp dir root location: /tmp","logger":"airflow.task.hooks.airflow.providers.standard.hooks.subprocess.SubprocessHook"}
{"timestamp":"2025-09-10T11:30:04.487318","level":"info","event":"Running command: ['/usr/bin/bash', '-c', 'cd /opt/airflow/project && python -m src.models.train']","logger":"airflow.task.hooks.airflow.providers.standard.hooks.subprocess.SubprocessHook"}
{"timestamp":"2025-09-10T11:30:04.532997","level":"info","event":"Output:","logger":"airflow.task.hooks.airflow.providers.standard.hooks.subprocess.SubprocessHook"}
{"timestamp":"2025-09-10T11:30:08.685970","level":"info","event":"/home/airflow/.local/lib/python3.11/site-packages/sklearn/linear_model/_logistic.py:1272: FutureWarning: 'multi_class' was deprecated in version 1.5 and will be removed in 1.7. From then on, it will always use 'multinomial'. Leave it to its default value to avoid this warning.","logger":"airflow.task.hooks.airflow.providers.standard.hooks.subprocess.SubprocessHook"}
{"timestamp":"2025-09-10T11:30:08.686247","level":"info","event":"  warnings.warn(","logger":"airflow.task.hooks.airflow.providers.standard.hooks.subprocess.SubprocessHook"}
{"timestamp":"2025-09-10T11:30:09.011420","level":"info","event":"[train] env MLFLOW_TRACKING_URI = (empty)","logger":"airflow.task.hooks.airflow.providers.standard.hooks.subprocess.SubprocessHook"}
{"timestamp":"2025-09-10T11:30:09.011617","level":"info","event":"[train] defaulting tracking URI -> http://mlflow:5000","logger":"airflow.task.hooks.airflow.providers.standard.hooks.subprocess.SubprocessHook"}
{"timestamp":"2025-09-10T11:30:09.011717","level":"info","event":"[train] effective tracking URI = http://mlflow:5000","logger":"airflow.task.hooks.airflow.providers.standard.hooks.subprocess.SubprocessHook"}
{"timestamp":"2025-09-10T11:30:09.011917","level":"info","event":"train (92, 7) ['minute_of_day', 'weekday', 'distance_m', 'free_flow_sec', 'lag1', 'lag3_mean', 'congestion_level']","logger":"airflow.task.hooks.airflow.providers.standard.hooks.subprocess.SubprocessHook"}
{"timestamp":"2025-09-10T11:30:09.012028","level":"info","event":"null rows in target: 0","logger":"airflow.task.hooks.airflow.providers.standard.hooks.subprocess.SubprocessHook"}
{"timestamp":"2025-09-10T11:30:09.012119","level":"info","event":"val (24, 7) ['minute_of_day', 'weekday', 'distance_m', 'free_flow_sec', 'lag1', 'lag3_mean', 'congestion_level']","logger":"airflow.task.hooks.airflow.providers.standard.hooks.subprocess.SubprocessHook"}
{"timestamp":"2025-09-10T11:30:09.012234","level":"info","event":"null rows in target: 0","logger":"airflow.task.hooks.airflow.providers.standard.hooks.subprocess.SubprocessHook"}
{"timestamp":"2025-09-10T11:30:09.012435","level":"info","event":"[train] saved metrics -> data/models/last_metrics.json","logger":"airflow.task.hooks.airflow.providers.standard.hooks.subprocess.SubprocessHook"}
{"timestamp":"2025-09-10T11:30:09.012584","level":"info","event":"data/models/latest_logreg.joblib *********","logger":"airflow.task.hooks.airflow.providers.standard.hooks.subprocess.SubprocessHook"}
{"timestamp":"2025-09-10T11:30:09.012699","level":"info","event":"[train] f1_macro=0.478 | model -> data/models/latest_logreg.joblib | report -> data/models/cls_report.txt","logger":"airflow.task.hooks.airflow.providers.standard.hooks.subprocess.SubprocessHook"}
{"timestamp":"2025-09-10T11:30:09.012848","level":"info","event":"🏃 View run likeable-toad-819 at: http://mlflow:5000/#/experiments/1/runs/cfe55ffc1e224305b632a05d3d4f298e","logger":"airflow.task.hooks.airflow.providers.standard.hooks.subprocess.SubprocessHook"}
{"timestamp":"2025-09-10T11:30:09.012984","level":"info","event":"🧪 View experiment at: http://mlflow:5000/#/experiments/1","logger":"airflow.task.hooks.airflow.providers.standard.hooks.subprocess.SubprocessHook"}
{"timestamp":"2025-09-10T11:30:09.429445","level":"info","event":"Command exited with return code 0","logger":"airflow.task.hooks.airflow.providers.standard.hooks.subprocess.SubprocessHook"}
{"timestamp":"2025-09-10T11:30:09.430749","level":"info","event":"Pushing xcom","ti":"RuntimeTaskInstance(id=UUID('01993363-c358-79b2-a361-273989ebc3f5'), task_id='train_logreg', dag_id='traffic_train_daily', run_id='scheduled__2025-09-10T11:30:00+00:00', try_number=1, map_index=-1, hostname='f4517ff6da6b', context_carrier={}, task=<Task(BashOperator): train_logreg>, bundle_instance=LocalDagBundle(name=dags-folder), max_tries=0, start_date=datetime.datetime(2025, 9, 10, 11, 30, 4, 161169, tzinfo=datetime.timezone.utc), end_date=None, state=<TaskInstanceState.RUNNING: 'running'>, is_mapped=False, rendered_map_index=None, log_url='http://localhost:8080/dags/traffic_train_daily/runs/scheduled__2025-09-10T11%3A30%3A00%2B00%3A00/tasks/train_logreg?try_number=1')","logger":"task"}
