{"timestamp":"2025-09-09T20:50:05.579418","level":"info","event":"DAG bundles loaded: dags-folder","logger":"airflow.dag_processing.bundles.manager.DagBundlesManager"}
{"timestamp":"2025-09-09T20:50:05.580072","level":"info","event":"Filling up the DagBag from /opt/airflow/dags/traffic_train_daily.py","logger":"airflow.models.dagbag.DagBag"}
{"timestamp":"2025-09-09T20:50:05.618157","level":"info","event":"Tmp dir root location: /tmp","logger":"airflow.task.hooks.airflow.providers.standard.hooks.subprocess.SubprocessHook"}
{"timestamp":"2025-09-09T20:50:05.618852","level":"info","event":"Running command: ['/usr/bin/bash', '-c', 'cd /opt/airflow/project && python -m src.models.train']","logger":"airflow.task.hooks.airflow.providers.standard.hooks.subprocess.SubprocessHook"}
{"timestamp":"2025-09-09T20:50:05.649620","level":"info","event":"Output:","logger":"airflow.task.hooks.airflow.providers.standard.hooks.subprocess.SubprocessHook"}
{"timestamp":"2025-09-09T20:50:09.158166","level":"info","event":"/home/airflow/.local/lib/python3.11/site-packages/sklearn/linear_model/_logistic.py:1272: FutureWarning: 'multi_class' was deprecated in version 1.5 and will be removed in 1.7. From then on, it will always use 'multinomial'. Leave it to its default value to avoid this warning.","logger":"airflow.task.hooks.airflow.providers.standard.hooks.subprocess.SubprocessHook"}
{"timestamp":"2025-09-09T20:50:09.158373","level":"info","event":"  warnings.warn(","logger":"airflow.task.hooks.airflow.providers.standard.hooks.subprocess.SubprocessHook"}
{"timestamp":"2025-09-09T20:50:09.252334","level":"info","event":"/home/airflow/.local/lib/python3.11/site-packages/sklearn/linear_model/_logistic.py:473: ConvergenceWarning: lbfgs failed to converge after 300 iteration(s) (status=1):","logger":"airflow.task.hooks.airflow.providers.standard.hooks.subprocess.SubprocessHook"}
{"timestamp":"2025-09-09T20:50:09.252553","level":"info","event":"STOP: TOTAL NO. OF ITERATIONS REACHED LIMIT","logger":"airflow.task.hooks.airflow.providers.standard.hooks.subprocess.SubprocessHook"}
{"timestamp":"2025-09-09T20:50:09.252676","level":"info","event":"","logger":"airflow.task.hooks.airflow.providers.standard.hooks.subprocess.SubprocessHook"}
{"timestamp":"2025-09-09T20:50:09.252772","level":"info","event":"Increase the number of iterations to improve the convergence (max_iter=300).","logger":"airflow.task.hooks.airflow.providers.standard.hooks.subprocess.SubprocessHook"}
{"timestamp":"2025-09-09T20:50:09.252862","level":"info","event":"You might also want to scale the data as shown in:","logger":"airflow.task.hooks.airflow.providers.standard.hooks.subprocess.SubprocessHook"}
{"timestamp":"2025-09-09T20:50:09.252955","level":"info","event":"    https://scikit-learn.org/stable/modules/preprocessing.html","logger":"airflow.task.hooks.airflow.providers.standard.hooks.subprocess.SubprocessHook"}
{"timestamp":"2025-09-09T20:50:09.253052","level":"info","event":"Please also refer to the documentation for alternative solver options:","logger":"airflow.task.hooks.airflow.providers.standard.hooks.subprocess.SubprocessHook"}
{"timestamp":"2025-09-09T20:50:09.253137","level":"info","event":"    https://scikit-learn.org/stable/modules/linear_model.html#logistic-regression","logger":"airflow.task.hooks.airflow.providers.standard.hooks.subprocess.SubprocessHook"}
{"timestamp":"2025-09-09T20:50:09.253268","level":"info","event":"  n_iter_i = _check_optimize_result(","logger":"airflow.task.hooks.airflow.providers.standard.hooks.subprocess.SubprocessHook"}
{"timestamp":"2025-09-09T20:50:09.417359","level":"info","event":"[train] env MLFLOW_TRACKING_URI = (empty)","logger":"airflow.task.hooks.airflow.providers.standard.hooks.subprocess.SubprocessHook"}
{"timestamp":"2025-09-09T20:50:09.417532","level":"info","event":"[train] defaulting tracking URI -> http://mlflow:5000","logger":"airflow.task.hooks.airflow.providers.standard.hooks.subprocess.SubprocessHook"}
{"timestamp":"2025-09-09T20:50:09.417621","level":"info","event":"[train] effective tracking URI = http://mlflow:5000","logger":"airflow.task.hooks.airflow.providers.standard.hooks.subprocess.SubprocessHook"}
{"timestamp":"2025-09-09T20:50:09.417701","level":"info","event":"[train] saved metrics -> data/models/last_metrics.json","logger":"airflow.task.hooks.airflow.providers.standard.hooks.subprocess.SubprocessHook"}
{"timestamp":"2025-09-09T20:50:09.417791","level":"info","event":"data/models/latest_logreg.joblib *********","logger":"airflow.task.hooks.airflow.providers.standard.hooks.subprocess.SubprocessHook"}
{"timestamp":"2025-09-09T20:50:09.417874","level":"info","event":"[train] f1_macro=1.000 | model -> data/models/latest_logreg.joblib | report -> data/models/cls_report.txt","logger":"airflow.task.hooks.airflow.providers.standard.hooks.subprocess.SubprocessHook"}
{"timestamp":"2025-09-09T20:50:09.417963","level":"info","event":"🏃 View run bemused-sheep-103 at: http://mlflow:5000/#/experiments/1/runs/166fb6e17a3842ed82a954f37629ab7a","logger":"airflow.task.hooks.airflow.providers.standard.hooks.subprocess.SubprocessHook"}
{"timestamp":"2025-09-09T20:50:09.418055","level":"info","event":"🧪 View experiment at: http://mlflow:5000/#/experiments/1","logger":"airflow.task.hooks.airflow.providers.standard.hooks.subprocess.SubprocessHook"}
{"timestamp":"2025-09-09T20:50:09.803469","level":"info","event":"Command exited with return code 0","logger":"airflow.task.hooks.airflow.providers.standard.hooks.subprocess.SubprocessHook"}
{"timestamp":"2025-09-09T20:50:09.804475","level":"info","event":"Pushing xcom","ti":"RuntimeTaskInstance(id=UUID('0199303e-1d02-785a-8ebe-fd292b1a670b'), task_id='train_logreg', dag_id='traffic_train_daily', run_id='scheduled__2025-09-09T20:50:00+00:00', try_number=1, map_index=-1, hostname='558e41e917fe', context_carrier={}, task=<Task(BashOperator): train_logreg>, bundle_instance=LocalDagBundle(name=dags-folder), max_tries=0, start_date=datetime.datetime(2025, 9, 9, 20, 50, 5, 370502, tzinfo=datetime.timezone.utc), end_date=None, state=<TaskInstanceState.RUNNING: 'running'>, is_mapped=False, rendered_map_index=None, log_url='http://localhost:8080/dags/traffic_train_daily/runs/scheduled__2025-09-09T20%3A50%3A00%2B00%3A00/tasks/train_logreg?try_number=1')","logger":"task"}
