{"timestamp":"2025-09-10T23:30:03.660298","level":"info","event":"DAG bundles loaded: dags-folder","logger":"airflow.dag_processing.bundles.manager.DagBundlesManager"}
{"timestamp":"2025-09-10T23:30:03.661006","level":"info","event":"Filling up the DagBag from /opt/airflow/dags/traffic_train_daily.py","logger":"airflow.models.dagbag.DagBag"}
{"timestamp":"2025-09-10T23:30:03.703761","level":"info","event":"Tmp dir root location: /tmp","logger":"airflow.task.hooks.airflow.providers.standard.hooks.subprocess.SubprocessHook"}
{"timestamp":"2025-09-10T23:30:03.704460","level":"info","event":"Running command: ['/usr/bin/bash', '-c', 'cd /opt/airflow/project && python -m src.models.train']","logger":"airflow.task.hooks.airflow.providers.standard.hooks.subprocess.SubprocessHook"}
{"timestamp":"2025-09-10T23:30:03.737931","level":"info","event":"Output:","logger":"airflow.task.hooks.airflow.providers.standard.hooks.subprocess.SubprocessHook"}
{"timestamp":"2025-09-10T23:30:07.305780","level":"info","event":"/home/airflow/.local/lib/python3.11/site-packages/sklearn/linear_model/_logistic.py:1272: FutureWarning: 'multi_class' was deprecated in version 1.5 and will be removed in 1.7. From then on, it will always use 'multinomial'. Leave it to its default value to avoid this warning.","logger":"airflow.task.hooks.airflow.providers.standard.hooks.subprocess.SubprocessHook"}
{"timestamp":"2025-09-10T23:30:07.306023","level":"info","event":"  warnings.warn(","logger":"airflow.task.hooks.airflow.providers.standard.hooks.subprocess.SubprocessHook"}
{"timestamp":"2025-09-10T23:30:07.700984","level":"info","event":"[train] env MLFLOW_TRACKING_URI = (empty)","logger":"airflow.task.hooks.airflow.providers.standard.hooks.subprocess.SubprocessHook"}
{"timestamp":"2025-09-10T23:30:07.702686","level":"info","event":"[train] defaulting tracking URI -> http://mlflow:5000","logger":"airflow.task.hooks.airflow.providers.standard.hooks.subprocess.SubprocessHook"}
{"timestamp":"2025-09-10T23:30:07.704461","level":"info","event":"[train] effective tracking URI = http://mlflow:5000","logger":"airflow.task.hooks.airflow.providers.standard.hooks.subprocess.SubprocessHook"}
{"timestamp":"2025-09-10T23:30:07.706070","level":"info","event":"train (260, 7) ['minute_of_day', 'weekday', 'distance_m', 'free_flow_sec', 'lag1', 'lag3_mean', 'congestion_level']","logger":"airflow.task.hooks.airflow.providers.standard.hooks.subprocess.SubprocessHook"}
{"timestamp":"2025-09-10T23:30:07.706685","level":"info","event":"null rows in target: 0","logger":"airflow.task.hooks.airflow.providers.standard.hooks.subprocess.SubprocessHook"}
{"timestamp":"2025-09-10T23:30:07.706821","level":"info","event":"val (66, 7) ['minute_of_day', 'weekday', 'distance_m', 'free_flow_sec', 'lag1', 'lag3_mean', 'congestion_level']","logger":"airflow.task.hooks.airflow.providers.standard.hooks.subprocess.SubprocessHook"}
{"timestamp":"2025-09-10T23:30:07.706961","level":"info","event":"null rows in target: 0","logger":"airflow.task.hooks.airflow.providers.standard.hooks.subprocess.SubprocessHook"}
{"timestamp":"2025-09-10T23:30:07.707099","level":"info","event":"[train] saved metrics -> data/models/last_metrics.json","logger":"airflow.task.hooks.airflow.providers.standard.hooks.subprocess.SubprocessHook"}
{"timestamp":"2025-09-10T23:30:07.707247","level":"info","event":"data/models/latest_logreg.joblib *********","logger":"airflow.task.hooks.airflow.providers.standard.hooks.subprocess.SubprocessHook"}
{"timestamp":"2025-09-10T23:30:07.707362","level":"info","event":"[train] f1_macro=1.000 | model -> data/models/latest_logreg.joblib | report -> data/models/cls_report.txt","logger":"airflow.task.hooks.airflow.providers.standard.hooks.subprocess.SubprocessHook"}
{"timestamp":"2025-09-10T23:30:07.707502","level":"info","event":"🏃 View run fearless-skunk-58 at: http://mlflow:5000/#/experiments/1/runs/2111446dbb8949da94fdb365bd329a01","logger":"airflow.task.hooks.airflow.providers.standard.hooks.subprocess.SubprocessHook"}
{"timestamp":"2025-09-10T23:30:07.707972","level":"info","event":"🧪 View experiment at: http://mlflow:5000/#/experiments/1","logger":"airflow.task.hooks.airflow.providers.standard.hooks.subprocess.SubprocessHook"}
{"timestamp":"2025-09-10T23:30:08.081550","level":"info","event":"Command exited with return code 0","logger":"airflow.task.hooks.airflow.providers.standard.hooks.subprocess.SubprocessHook"}
{"timestamp":"2025-09-10T23:30:08.082733","level":"info","event":"Pushing xcom","ti":"RuntimeTaskInstance(id=UUID('019935f6-f371-7537-9d5e-fa37accbd9df'), task_id='train_logreg', dag_id='traffic_train_daily', run_id='scheduled__2025-09-10T23:30:00+00:00', try_number=1, map_index=-1, hostname='f4517ff6da6b', context_carrier={}, task=<Task(BashOperator): train_logreg>, bundle_instance=LocalDagBundle(name=dags-folder), max_tries=0, start_date=datetime.datetime(2025, 9, 10, 23, 30, 3, 455435, tzinfo=datetime.timezone.utc), end_date=None, state=<TaskInstanceState.RUNNING: 'running'>, is_mapped=False, rendered_map_index=None, log_url='http://localhost:8080/dags/traffic_train_daily/runs/scheduled__2025-09-10T23%3A30%3A00%2B00%3A00/tasks/train_logreg?try_number=1')","logger":"task"}
