{"timestamp":"2025-09-11T02:30:04.345550","level":"info","event":"DAG bundles loaded: dags-folder","logger":"airflow.dag_processing.bundles.manager.DagBundlesManager"}
{"timestamp":"2025-09-11T02:30:04.346398","level":"info","event":"Filling up the DagBag from /opt/airflow/dags/traffic_train_daily.py","logger":"airflow.models.dagbag.DagBag"}
{"timestamp":"2025-09-11T02:30:04.389026","level":"info","event":"Tmp dir root location: /tmp","logger":"airflow.task.hooks.airflow.providers.standard.hooks.subprocess.SubprocessHook"}
{"timestamp":"2025-09-11T02:30:04.389684","level":"info","event":"Running command: ['/usr/bin/bash', '-c', 'cd /opt/airflow/project && python -m src.models.train']","logger":"airflow.task.hooks.airflow.providers.standard.hooks.subprocess.SubprocessHook"}
{"timestamp":"2025-09-11T02:30:04.422130","level":"info","event":"Output:","logger":"airflow.task.hooks.airflow.providers.standard.hooks.subprocess.SubprocessHook"}
{"timestamp":"2025-09-11T02:30:08.121388","level":"info","event":"/home/airflow/.local/lib/python3.11/site-packages/sklearn/linear_model/_logistic.py:1272: FutureWarning: 'multi_class' was deprecated in version 1.5 and will be removed in 1.7. From then on, it will always use 'multinomial'. Leave it to its default value to avoid this warning.","logger":"airflow.task.hooks.airflow.providers.standard.hooks.subprocess.SubprocessHook"}
{"timestamp":"2025-09-11T02:30:08.121573","level":"info","event":"  warnings.warn(","logger":"airflow.task.hooks.airflow.providers.standard.hooks.subprocess.SubprocessHook"}
{"timestamp":"2025-09-11T02:30:08.368075","level":"info","event":"[train] env MLFLOW_TRACKING_URI = (empty)","logger":"airflow.task.hooks.airflow.providers.standard.hooks.subprocess.SubprocessHook"}
{"timestamp":"2025-09-11T02:30:08.368375","level":"info","event":"[train] defaulting tracking URI -> http://mlflow:5000","logger":"airflow.task.hooks.airflow.providers.standard.hooks.subprocess.SubprocessHook"}
{"timestamp":"2025-09-11T02:30:08.368488","level":"info","event":"[train] effective tracking URI = http://mlflow:5000","logger":"airflow.task.hooks.airflow.providers.standard.hooks.subprocess.SubprocessHook"}
{"timestamp":"2025-09-11T02:30:08.368576","level":"info","event":"train (326, 7) ['minute_of_day', 'weekday', 'distance_m', 'free_flow_sec', 'lag1', 'lag3_mean', 'congestion_level']","logger":"airflow.task.hooks.airflow.providers.standard.hooks.subprocess.SubprocessHook"}
{"timestamp":"2025-09-11T02:30:08.368665","level":"info","event":"null rows in target: 0","logger":"airflow.task.hooks.airflow.providers.standard.hooks.subprocess.SubprocessHook"}
{"timestamp":"2025-09-11T02:30:08.368746","level":"info","event":"val (240, 7) ['minute_of_day', 'weekday', 'distance_m', 'free_flow_sec', 'lag1', 'lag3_mean', 'congestion_level']","logger":"airflow.task.hooks.airflow.providers.standard.hooks.subprocess.SubprocessHook"}
{"timestamp":"2025-09-11T02:30:08.368834","level":"info","event":"null rows in target: 0","logger":"airflow.task.hooks.airflow.providers.standard.hooks.subprocess.SubprocessHook"}
{"timestamp":"2025-09-11T02:30:08.368913","level":"info","event":"[train] saved metrics -> data/models/last_metrics.json","logger":"airflow.task.hooks.airflow.providers.standard.hooks.subprocess.SubprocessHook"}
{"timestamp":"2025-09-11T02:30:08.368990","level":"info","event":"data/models/latest_logreg.joblib *********","logger":"airflow.task.hooks.airflow.providers.standard.hooks.subprocess.SubprocessHook"}
{"timestamp":"2025-09-11T02:30:08.369066","level":"info","event":"[train] f1_macro=1.000 | model -> data/models/latest_logreg.joblib | report -> data/models/cls_report.txt","logger":"airflow.task.hooks.airflow.providers.standard.hooks.subprocess.SubprocessHook"}
{"timestamp":"2025-09-11T02:30:08.369157","level":"info","event":"🏃 View run dashing-auk-553 at: http://mlflow:5000/#/experiments/1/runs/b6356d3992c540518011c56dbf20a308","logger":"airflow.task.hooks.airflow.providers.standard.hooks.subprocess.SubprocessHook"}
{"timestamp":"2025-09-11T02:30:08.369294","level":"info","event":"🧪 View experiment at: http://mlflow:5000/#/experiments/1","logger":"airflow.task.hooks.airflow.providers.standard.hooks.subprocess.SubprocessHook"}
{"timestamp":"2025-09-11T02:30:08.737219","level":"info","event":"Command exited with return code 0","logger":"airflow.task.hooks.airflow.providers.standard.hooks.subprocess.SubprocessHook"}
{"timestamp":"2025-09-11T02:30:08.738359","level":"info","event":"Pushing xcom","ti":"RuntimeTaskInstance(id=UUID('0199369b-c052-78e8-b9ec-da09bb8b4fe1'), task_id='train_logreg', dag_id='traffic_train_daily', run_id='scheduled__2025-09-11T02:30:00+00:00', try_number=1, map_index=-1, hostname='f4517ff6da6b', context_carrier={}, task=<Task(BashOperator): train_logreg>, bundle_instance=LocalDagBundle(name=dags-folder), max_tries=0, start_date=datetime.datetime(2025, 9, 11, 2, 30, 4, 103568, tzinfo=datetime.timezone.utc), end_date=None, state=<TaskInstanceState.RUNNING: 'running'>, is_mapped=False, rendered_map_index=None, log_url='http://localhost:8080/dags/traffic_train_daily/runs/scheduled__2025-09-11T02%3A30%3A00%2B00%3A00/tasks/train_logreg?try_number=1')","logger":"task"}
